[debug] [2019-07-29T02:36:19.412Z] ----------------------------------------------------------------------
[debug] [2019-07-29T02:36:19.414Z] Command:       /Users/bailigabhanar/.nvm/versions/node/v10.16.0/bin/node /Users/bailigabhanar/.nvm/versions/node/v10.16.0/bin/firebase init
[debug] [2019-07-29T02:36:19.415Z] CLI Version:   7.2.1
[debug] [2019-07-29T02:36:19.415Z] Platform:      darwin
[debug] [2019-07-29T02:36:19.415Z] Node Version:  v10.16.0
[debug] [2019-07-29T02:36:19.416Z] Time:          Sun Jul 28 2019 22:36:19 GMT-0400 (Eastern Daylight Time)
[debug] [2019-07-29T02:36:19.416Z] ----------------------------------------------------------------------
[debug] 
[debug] [2019-07-29T02:36:19.428Z] > command requires scopes: ["email","openid","https://www.googleapis.com/auth/cloudplatformprojects.readonly","https://www.googleapis.com/auth/firebase","https://www.googleapis.com/auth/cloud-platform"]
[debug] [2019-07-29T02:36:19.429Z] > authorizing via signed-in user
[info] 
     ######## #### ########  ######## ########     ###     ######  ########
     ##        ##  ##     ## ##       ##     ##  ##   ##  ##       ##
     ######    ##  ########  ######   ########  #########  ######  ######
     ##        ##  ##    ##  ##       ##     ## ##     ##       ## ##
     ##       #### ##     ## ######## ########  ##     ##  ######  ########

You're about to initialize a Firebase project in this directory:

  /Users/bailigabhanar/Documents/WebProjects/bailig

[info] 
=== Project Setup
[info] 
[info] First, let's associate this project directory with a Firebase project.
[info] You can create multiple project aliases by running firebase use --add, 
[info] but for now we'll just set up a default project.
[info] 
[debug] [2019-07-29T02:36:56.364Z] > refreshing access token with scopes: ["email","https://www.googleapis.com/auth/cloud-platform","https://www.googleapis.com/auth/cloudplatformprojects.readonly","https://www.googleapis.com/auth/firebase","openid"]
[debug] [2019-07-29T02:36:56.364Z] >>> HTTP REQUEST POST https://www.googleapis.com/oauth2/v3/token  
 <request body omitted>
[debug] [2019-07-29T02:36:56.539Z] <<< HTTP RESPONSE 200
[debug] [2019-07-29T02:36:56.554Z] >>> HTTP REQUEST GET https://firebase.googleapis.com/v1beta1/projects?page_size=100  
 
[debug] [2019-07-29T02:36:56.832Z] <<< HTTP RESPONSE 200
[info] i  Using project bailig (bailig)
[info] 
=== Functions Setup
[info] 
[info] A functions directory will be created in your project with a Node.js
[info] package pre-configured. Functions can be deployed with firebase deploy.
[info] 
[debug] [2019-07-29T02:37:16.811Z] > command requires scopes: ["email","openid","https://www.googleapis.com/auth/cloudplatformprojects.readonly","https://www.googleapis.com/auth/firebase","https://www.googleapis.com/auth/cloud-platform"]
[debug] [2019-07-29T02:37:16.811Z] > authorizing via signed-in user
[debug] [2019-07-29T02:37:16.812Z] >>> HTTP REQUEST GET https://firebase.googleapis.com/v1beta1/projects/bailig  
 
[debug] [2019-07-29T02:37:16.982Z] <<< HTTP RESPONSE 200
[debug] [2019-07-29T02:37:16.985Z] >>> HTTP REQUEST POST https://serviceusage.googleapis.com/v1/projects/bailig/services/cloudfunctions.googleapis.com:enable  
 
[debug] [2019-07-29T02:37:16.985Z] >>> HTTP REQUEST POST https://serviceusage.googleapis.com/v1/projects/bailig/services/runtimeconfig.googleapis.com:enable  
 
[debug] [2019-07-29T02:37:17.430Z] <<< HTTP RESPONSE 200
[debug] [2019-07-29T02:37:17.431Z] <<< HTTP RESPONSE 200
[info] ✔  Wrote functions/package.json
[info] ✔  Wrote functions/.eslintrc.json
[info] ✔  Wrote functions/index.js
[info] ✔  Wrote functions/.gitignore
